<?xml version="1.0" encoding="UTF-8"?>
<testsuite xmlns:xsi="http://www.w3.org/2001/XMLSchema-instance" xsi:noNamespaceSchemaLocation="https://maven.apache.org/surefire/maven-surefire-plugin/xsd/surefire-test-report-3.0.xsd" version="3.0" name="minecraftServerManagement.ForgeUtilsTest" time="0.019" tests="7" errors="0" skipped="0" failures="0">
  <properties>
[...]
</properties>
  <testcase name="ignoresCommentedForgeRamExamplesAndAddsAnActiveValue" classname="minecraftServerManagement.ForgeUtilsTest" time="0.004"/>
  <testcase name="buildsNativeCommandsForWindowsAndUnix" classname="minecraftServerManagement.ForgeUtilsTest" time="0.001"/>
  <testcase name="fallsBackToLegacyJarCommand" classname="minecraftServerManagement.ForgeUtilsTest" time="0.001"/>
  <testcase name="executesUnixScriptAndForwardsNogui" classname="minecraftServerManagement.ForgeUtilsTest" time="0.007"/>
  <testcase name="readsAndUpdatesRamWithoutDependingOnCurrentlyFreeMemory" classname="minecraftServerManagement.ForgeUtilsTest" time="0.001"/>
  <testcase name="createsModsDirectoryWithPlatformIndependentPath" classname="minecraftServerManagement.ForgeUtilsTest" time="0.001"/>
  <testcase name="writesExactInlineSettingsWithoutTouchingWorldData" classname="minecraftServerManagement.ForgeUtilsTest" time="0.002"/>
</testsuite>